2018-11-22 17:08:06.955  INFO 8748 --- [restartedMain] cn.stylefeng.guns.Canrom7Application     : Starting Canrom7Application on PC-20180808HJKP with PID 8748 (E:\IDEAWork\myyk\target\classes started by Administrator in E:\IDEAWork\myyk)
2018-11-22 17:08:06.955  INFO 8748 --- [restartedMain] cn.stylefeng.guns.Canrom7Application     : The following profiles are active: produce
2018-11-22 17:08:07.223  INFO 8748 --- [restartedMain] ConfigServletWebServerApplicationContext : Refreshing org.springframework.boot.web.servlet.context.AnnotationConfigServletWebServerApplicationContext@3ddc3274: startup date [Thu Nov 22 17:08:07 CST 2018]; root of context hierarchy
2018-11-22 17:08:08.111  INFO 8748 --- [restartedMain] o.s.b.f.s.DefaultListableBeanFactory     : Overriding bean definition for bean 'codeController' with a different definition: replacing [Generic bean: class [cn.stylefeng.guns.generator.modular.controller.CodeController]; scope=singleton; abstract=false; lazyInit=false; autowireMode=0; dependencyCheck=0; autowireCandidate=true; primary=false; factoryBeanName=null; factoryMethodName=null; initMethodName=null; destroyMethodName=null; defined in URL [jar:file:/C:/Users/Administrator/.m2/repository/cn/stylefeng/guns/guns-generator/1.0.0/guns-generator-1.0.0.jar!/cn/stylefeng/guns/generator/modular/controller/CodeController.class]] with [Root bean: class [null]; scope=; abstract=false; lazyInit=false; autowireMode=3; dependencyCheck=0; autowireCandidate=true; primary=false; factoryBeanName=cn.stylefeng.guns.generator.config.GeneratorAutoConfiguration; factoryMethodName=codeController; initMethodName=null; destroyMethodName=(inferred); defined in class path resource [cn/stylefeng/guns/generator/config/GeneratorAutoConfiguration.class]]
2018-11-22 17:08:08.112  INFO 8748 --- [restartedMain] o.s.b.f.s.DefaultListableBeanFactory     : Overriding bean definition for bean 'tableService' with a different definition: replacing [Generic bean: class [cn.stylefeng.guns.generator.modular.service.TableService]; scope=singleton; abstract=false; lazyInit=false; autowireMode=0; dependencyCheck=0; autowireCandidate=true; primary=false; factoryBeanName=null; factoryMethodName=null; initMethodName=null; destroyMethodName=null; defined in URL [jar:file:/C:/Users/Administrator/.m2/repository/cn/stylefeng/guns/guns-generator/1.0.0/guns-generator-1.0.0.jar!/cn/stylefeng/guns/generator/modular/service/TableService.class]] with [Root bean: class [null]; scope=; abstract=false; lazyInit=false; autowireMode=3; dependencyCheck=0; autowireCandidate=true; primary=false; factoryBeanName=cn.stylefeng.guns.generator.config.GeneratorAutoConfiguration; factoryMethodName=tableService; initMethodName=null; destroyMethodName=(inferred); defined in class path resource [cn/stylefeng/guns/generator/config/GeneratorAutoConfiguration.class]]
2018-11-22 17:08:08.115  INFO 8748 --- [restartedMain] o.s.b.f.s.DefaultListableBeanFactory     : Overriding bean definition for bean 'druidProperties' with a different definition: replacing [Root bean: class [null]; scope=; abstract=false; lazyInit=false; autowireMode=3; dependencyCheck=0; autowireCandidate=true; primary=false; factoryBeanName=singleDataSourceConfig; factoryMethodName=druidProperties; initMethodName=null; destroyMethodName=(inferred); defined in class path resource [cn/stylefeng/guns/config/datasource/SingleDataSourceConfig.class]] with [Root bean: class [null]; scope=; abstract=false; lazyInit=false; autowireMode=3; dependencyCheck=0; autowireCandidate=true; primary=false; factoryBeanName=cn.stylefeng.roses.core.config.MybaitsPlusAutoConfiguration; factoryMethodName=druidProperties; initMethodName=null; destroyMethodName=(inferred); defined in class path resource [cn/stylefeng/roses/core/config/MybaitsPlusAutoConfiguration.class]]
2018-11-22 17:08:08.115  INFO 8748 --- [restartedMain] o.s.b.f.s.DefaultListableBeanFactory     : Overriding bean definition for bean 'paginationInterceptor' with a different definition: replacing [Root bean: class [null]; scope=; abstract=false; lazyInit=false; autowireMode=3; dependencyCheck=0; autowireCandidate=true; primary=false; factoryBeanName=singleDataSourceConfig; factoryMethodName=paginationInterceptor; initMethodName=null; destroyMethodName=(inferred); defined in class path resource [cn/stylefeng/guns/config/datasource/SingleDataSourceConfig.class]] with [Root bean: class [null]; scope=; abstract=false; lazyInit=false; autowireMode=3; dependencyCheck=0; autowireCandidate=true; primary=false; factoryBeanName=cn.stylefeng.roses.core.config.MybaitsPlusAutoConfiguration; factoryMethodName=paginationInterceptor; initMethodName=null; destroyMethodName=(inferred); defined in class path resource [cn/stylefeng/roses/core/config/MybaitsPlusAutoConfiguration.class]]
2018-11-22 17:08:08.115  INFO 8748 --- [restartedMain] o.s.b.f.s.DefaultListableBeanFactory     : Overriding bean definition for bean 'dataSource' with a different definition: replacing [Root bean: class [null]; scope=; abstract=false; lazyInit=false; autowireMode=3; dependencyCheck=0; autowireCandidate=true; primary=false; factoryBeanName=singleDataSourceConfig; factoryMethodName=dataSource; initMethodName=null; destroyMethodName=(inferred); defined in class path resource [cn/stylefeng/guns/config/datasource/SingleDataSourceConfig.class]] with [Root bean: class [null]; scope=; abstract=false; lazyInit=false; autowireMode=3; dependencyCheck=0; autowireCandidate=true; primary=false; factoryBeanName=cn.stylefeng.roses.core.config.MybaitsPlusAutoConfiguration; factoryMethodName=dataSource; initMethodName=init; destroyMethodName=(inferred); defined in class path resource [cn/stylefeng/roses/core/config/MybaitsPlusAutoConfiguration.class]]
2018-11-22 17:08:08.834  INFO 8748 --- [restartedMain] trationDelegate$BeanPostProcessorChecker : Bean 'shiroConfig' of type [cn.stylefeng.guns.config.web.ShiroConfig$$EnhancerBySpringCGLIB$$e33b53ae] is not eligible for getting processed by all BeanPostProcessors (for example: not eligible for auto-proxying)
2018-11-22 17:08:08.881  INFO 8748 --- [restartedMain] trationDelegate$BeanPostProcessorChecker : Bean 'rememberMeCookie' of type [org.apache.shiro.web.servlet.SimpleCookie] is not eligible for getting processed by all BeanPostProcessors (for example: not eligible for auto-proxying)
2018-11-22 17:08:09.424  INFO 8748 --- [restartedMain] trationDelegate$BeanPostProcessorChecker : Bean 'rememberMeManager' of type [org.apache.shiro.web.mgt.CookieRememberMeManager] is not eligible for getting processed by all BeanPostProcessors (for example: not eligible for auto-proxying)
2018-11-22 17:08:09.429  INFO 8748 --- [restartedMain] trationDelegate$BeanPostProcessorChecker : Bean 'ehCacheConfig' of type [cn.stylefeng.guns.config.EhCacheConfig$$EnhancerBySpringCGLIB$$f50c7636] is not eligible for getting processed by all BeanPostProcessors (for example: not eligible for auto-proxying)
2018-11-22 17:08:09.435  INFO 8748 --- [restartedMain] o.s.c.ehcache.EhCacheManagerFactoryBean  : Initializing EhCache CacheManager
2018-11-22 17:08:09.513  WARN 8748 --- [restartedMain] net.sf.ehcache.DiskStorePathManager      : diskStorePath 'C:\Users\ADMINI~1\AppData\Local\Temp\ehcache' is already used by an existing CacheManager either in the same VM or in a different process.
The diskStore path for this CacheManager will be set to C:\Users\ADMINI~1\AppData\Local\Temp\ehcache\ehcache_auto_created2748174760598439072diskstore.
To avoid this warning consider using the CacheManager factory methods to create a singleton CacheManager or specifying a separate ehcache configuration (ehcache.xml) for each CacheManager instance.
2018-11-22 17:08:09.523  INFO 8748 --- [restartedMain] trationDelegate$BeanPostProcessorChecker : Bean 'ehcache' of type [org.springframework.cache.ehcache.EhCacheManagerFactoryBean] is not eligible for getting processed by all BeanPostProcessors (for example: not eligible for auto-proxying)
2018-11-22 17:08:09.528  INFO 8748 --- [restartedMain] trationDelegate$BeanPostProcessorChecker : Bean 'getCacheShiroManager' of type [org.apache.shiro.cache.ehcache.EhCacheManager] is not eligible for getting processed by all BeanPostProcessors (for example: not eligible for auto-proxying)
2018-11-22 17:08:09.548  INFO 8748 --- [restartedMain] trationDelegate$BeanPostProcessorChecker : Bean 'org.springframework.boot.context.properties.ConversionServiceDeducer$Factory' of type [org.springframework.boot.context.properties.ConversionServiceDeducer$Factory] is not eligible for getting processed by all BeanPostProcessors (for example: not eligible for auto-proxying)
2018-11-22 17:08:09.557  INFO 8748 --- [restartedMain] trationDelegate$BeanPostProcessorChecker : Bean 'gunsProperties' of type [cn.stylefeng.guns.config.properties.GunsProperties] is not eligible for getting processed by all BeanPostProcessors (for example: not eligible for auto-proxying)
2018-11-22 17:08:09.567  INFO 8748 --- [restartedMain] trationDelegate$BeanPostProcessorChecker : Bean 'defaultWebSessionManager' of type [org.apache.shiro.web.session.mgt.DefaultWebSessionManager] is not eligible for getting processed by all BeanPostProcessors (for example: not eligible for auto-proxying)
2018-11-22 17:08:09.583  INFO 8748 --- [restartedMain] trationDelegate$BeanPostProcessorChecker : Bean 'shiroDbRealm' of type [cn.stylefeng.guns.core.shiro.ShiroDbRealm] is not eligible for getting processed by all BeanPostProcessors (for example: not eligible for auto-proxying)
2018-11-22 17:08:09.583  INFO 8748 --- [restartedMain] o.a.shiro.cache.ehcache.EhCacheManager   : Cache with name 'cn.stylefeng.guns.core.shiro.ShiroDbRealm.authorizationCache' does not yet exist.  Creating now.
2018-11-22 17:08:09.587  INFO 8748 --- [restartedMain] o.a.shiro.cache.ehcache.EhCacheManager   : Added EhCache named [cn.stylefeng.guns.core.shiro.ShiroDbRealm.authorizationCache]
2018-11-22 17:08:09.594  INFO 8748 --- [restartedMain] trationDelegate$BeanPostProcessorChecker : Bean 'securityManager' of type [org.apache.shiro.web.mgt.DefaultWebSecurityManager] is not eligible for getting processed by all BeanPostProcessors (for example: not eligible for auto-proxying)
2018-11-22 17:08:09.600  INFO 8748 --- [restartedMain] trationDelegate$BeanPostProcessorChecker : Bean 'methodInvokingFactoryBean' of type [org.springframework.beans.factory.config.MethodInvokingFactoryBean] is not eligible for getting processed by all BeanPostProcessors (for example: not eligible for auto-proxying)
2018-11-22 17:08:09.605  INFO 8748 --- [restartedMain] trationDelegate$BeanPostProcessorChecker : Bean 'webConfig' of type [cn.stylefeng.guns.config.web.WebConfig$$EnhancerBySpringCGLIB$$83e18771] is not eligible for getting processed by all BeanPostProcessors (for example: not eligible for auto-proxying)
2018-11-22 17:08:09.672  INFO 8748 --- [restartedMain] trationDelegate$BeanPostProcessorChecker : Bean 'authorizationAttributeSourceAdvisor' of type [org.apache.shiro.spring.security.interceptor.AuthorizationAttributeSourceAdvisor] is not eligible for getting processed by all BeanPostProcessors (for example: not eligible for auto-proxying)
2018-11-22 17:08:09.678  INFO 8748 --- [restartedMain] trationDelegate$BeanPostProcessorChecker : Bean 'druidStatPointcut' of type [org.springframework.aop.support.JdkRegexpMethodPointcut] is not eligible for getting processed by all BeanPostProcessors (for example: not eligible for auto-proxying)
2018-11-22 17:08:09.688  INFO 8748 --- [restartedMain] trationDelegate$BeanPostProcessorChecker : Bean 'druidStatInterceptor' of type [com.alibaba.druid.support.spring.stat.DruidStatInterceptor] is not eligible for getting processed by all BeanPostProcessors (for example: not eligible for auto-proxying)
2018-11-22 17:08:09.691  INFO 8748 --- [restartedMain] trationDelegate$BeanPostProcessorChecker : Bean 'druidStatAdvisor' of type [org.springframework.aop.support.DefaultPointcutAdvisor] is not eligible for getting processed by all BeanPostProcessors (for example: not eligible for auto-proxying)
2018-11-22 17:08:09.769  INFO 8748 --- [restartedMain] trationDelegate$BeanPostProcessorChecker : Bean 'org.springframework.cache.annotation.ProxyCachingConfiguration' of type [org.springframework.cache.annotation.ProxyCachingConfiguration$$EnhancerBySpringCGLIB$$62561ae7] is not eligible for getting processed by all BeanPostProcessors (for example: not eligible for auto-proxying)
2018-11-22 17:08:09.882  INFO 8748 --- [restartedMain] trationDelegate$BeanPostProcessorChecker : Bean 'org.springframework.transaction.annotation.ProxyTransactionManagementConfiguration' of type [org.springframework.transaction.annotation.ProxyTransactionManagementConfiguration$$EnhancerBySpringCGLIB$$1943e4c9] is not eligible for getting processed by all BeanPostProcessors (for example: not eligible for auto-proxying)
2018-11-22 17:08:10.314  INFO 8748 --- [restartedMain] o.s.b.w.embedded.tomcat.TomcatWebServer  : Tomcat initialized with port(s): 8099 (http)
2018-11-22 17:08:10.335  INFO 8748 --- [restartedMain] o.apache.catalina.core.StandardService   : Starting service [Tomcat]
2018-11-22 17:08:10.335  INFO 8748 --- [restartedMain] org.apache.catalina.core.StandardEngine  : Starting Servlet Engine: Apache Tomcat/8.5.29
2018-11-22 17:08:10.339  INFO 8748 --- [localhost-startStop-1] o.a.catalina.core.AprLifecycleListener   : The APR based Apache Tomcat Native library which allows optimal performance in production environments was not found on the java.library.path: [C:\Program Files\Java\jdk1.8.0_181\bin;C:\Windows\Sun\Java\bin;C:\Windows\system32;C:\Windows;D:\go\bin;C:\redis;C:\Program Files (x86)\Common Files\Oracle\Java\javapath;C:\Windows\system32;C:\Windows;C:\Windows\System32\Wbem;C:\Windows\System32\WindowsPowerShell\v1.0\;C:\Program Files\Java\jdk1.8.0_181\bin;C:\Program Files\Java\jdk1.8.0_181\jre\bin;D:\Svn\bin;C:\Program Files\MySQL\MySQL Utilities 1.6\;C:\Program Files\MySQL\MySQL Server 5.7\bin;D:\adbService\;D:\SDK\tools;D:\SDK\D:\SDK\platform-tools;C:\Program Files\Git\cmd;.]
2018-11-22 17:08:10.454  INFO 8748 --- [localhost-startStop-1] o.a.c.c.C.[Tomcat].[localhost].[/]       : Initializing Spring embedded WebApplicationContext
2018-11-22 17:08:10.454  INFO 8748 --- [localhost-startStop-1] o.s.web.context.ContextLoader            : Root WebApplicationContext: initialization completed in 3231 ms
2018-11-22 17:08:10.696  INFO 8748 --- [localhost-startStop-1] o.s.b.w.servlet.ServletRegistrationBean  : Servlet statViewServlet mapped to [/druid/*]
2018-11-22 17:08:10.697  INFO 8748 --- [localhost-startStop-1] o.s.b.w.servlet.ServletRegistrationBean  : Servlet dispatcherServlet mapped to [/]
2018-11-22 17:08:10.700  INFO 8748 --- [localhost-startStop-1] o.s.b.w.servlet.FilterRegistrationBean   : Mapping filter: 'characterEncodingFilter' to: [/*]
2018-11-22 17:08:10.700  INFO 8748 --- [localhost-startStop-1] o.s.b.w.servlet.FilterRegistrationBean   : Mapping filter: 'hiddenHttpMethodFilter' to: [/*]
2018-11-22 17:08:10.700  INFO 8748 --- [localhost-startStop-1] o.s.b.w.servlet.FilterRegistrationBean   : Mapping filter: 'httpPutFormContentFilter' to: [/*]
2018-11-22 17:08:10.701  INFO 8748 --- [localhost-startStop-1] o.s.b.w.servlet.FilterRegistrationBean   : Mapping filter: 'requestContextFilter' to: [/*]
2018-11-22 17:08:10.701  INFO 8748 --- [localhost-startStop-1] o.s.b.w.servlet.FilterRegistrationBean   : Mapping filter: 'webStatFilter' to urls: [/*]
2018-11-22 17:08:10.701  INFO 8748 --- [localhost-startStop-1] o.s.b.w.servlet.FilterRegistrationBean   : Mapping filter: 'xssFilter' to urls: [/*]
2018-11-22 17:08:10.701  INFO 8748 --- [localhost-startStop-1] o.s.b.w.servlet.FilterRegistrationBean   : Mapping filter: 'shiroFilter' to: [/*]
2018-11-22 17:08:11.082  INFO 8748 --- [restartedMain] com.alibaba.druid.pool.DruidDataSource   : {dataSource-1} inited
2018-11-22 17:08:14.102  INFO 8748 --- [restartedMain] s.w.s.m.m.a.RequestMappingHandlerMapping : Mapped "{[/global/sessionError]}" onto public java.lang.String cn.stylefeng.guns.core.common.controller.GlobalController.errorPageInfo(org.springframework.ui.Model)
2018-11-22 17:08:14.104  INFO 8748 --- [restartedMain] s.w.s.m.m.a.RequestMappingHandlerMapping : Mapped "{[/global/error]}" onto public java.lang.String cn.stylefeng.guns.core.common.controller.GlobalController.errorPage()
2018-11-22 17:08:14.108  INFO 8748 --- [restartedMain] s.w.s.m.m.a.RequestMappingHandlerMapping : Mapped "{[/gunsApi/test],methods=[POST]}" onto public java.lang.Object cn.stylefeng.guns.modular.api.ApiController.test()
2018-11-22 17:08:14.109  INFO 8748 --- [restartedMain] s.w.s.m.m.a.RequestMappingHandlerMapping : Mapped "{[/gunsApi/auth]}" onto public java.lang.Object cn.stylefeng.guns.modular.api.ApiController.auth(java.lang.String,java.lang.String)
2018-11-22 17:08:14.112  INFO 8748 --- [restartedMain] s.w.s.m.m.a.RequestMappingHandlerMapping : Mapped "{[/ykApp]}" onto public java.lang.String cn.stylefeng.guns.modular.deviceinfo.controller.YkAppController.index()
2018-11-22 17:08:14.113  INFO 8748 --- [restartedMain] s.w.s.m.m.a.RequestMappingHandlerMapping : Mapped "{[/ykApp/add]}" onto public java.lang.Object cn.stylefeng.guns.modular.deviceinfo.controller.YkAppController.add(cn.stylefeng.guns.modular.deviceinfo.model.YkApp)
2018-11-22 17:08:14.113  INFO 8748 --- [restartedMain] s.w.s.m.m.a.RequestMappingHandlerMapping : Mapped "{[/ykApp/update]}" onto public java.lang.Object cn.stylefeng.guns.modular.deviceinfo.controller.YkAppController.update(cn.stylefeng.guns.modular.deviceinfo.model.YkApp)
2018-11-22 17:08:14.113  INFO 8748 --- [restartedMain] s.w.s.m.m.a.RequestMappingHandlerMapping : Mapped "{[/ykApp/delete]}" onto public java.lang.Object cn.stylefeng.guns.modular.deviceinfo.controller.YkAppController.delete(java.lang.Integer)
2018-11-22 17:08:14.113  INFO 8748 --- [restartedMain] s.w.s.m.m.a.RequestMappingHandlerMapping : Mapped "{[/ykApp/list]}" onto public java.lang.Object cn.stylefeng.guns.modular.deviceinfo.controller.YkAppController.list(java.lang.String)
2018-11-22 17:08:14.114  INFO 8748 --- [restartedMain] s.w.s.m.m.a.RequestMappingHandlerMapping : Mapped "{[/ykApp/detail/{ykAppId}]}" onto public java.lang.Object cn.stylefeng.guns.modular.deviceinfo.controller.YkAppController.detail(java.lang.Integer)
2018-11-22 17:08:14.114  INFO 8748 --- [restartedMain] s.w.s.m.m.a.RequestMappingHandlerMapping : Mapped "{[/ykApp/ykApp_add]}" onto public java.lang.String cn.stylefeng.guns.modular.deviceinfo.controller.YkAppController.ykAppAdd()
2018-11-22 17:08:14.114  INFO 8748 --- [restartedMain] s.w.s.m.m.a.RequestMappingHandlerMapping : Mapped "{[/ykApp/ykApp_update/{ykAppId}]}" onto public java.lang.String cn.stylefeng.guns.modular.deviceinfo.controller.YkAppController.ykAppUpdate(java.lang.Integer,org.springframework.ui.Model)
2018-11-22 17:08:14.120  INFO 8748 --- [restartedMain] s.w.s.m.m.a.RequestMappingHandlerMapping : Mapped "{[/ykDevice]}" onto public java.lang.String cn.stylefeng.guns.modular.deviceinfo.controller.YkDeviceController.index()
2018-11-22 17:08:14.121  INFO 8748 --- [restartedMain] s.w.s.m.m.a.RequestMappingHandlerMapping : Mapped "{[/ykDevice/add]}" onto public java.lang.Object cn.stylefeng.guns.modular.deviceinfo.controller.YkDeviceController.add(cn.stylefeng.guns.modular.deviceinfo.model.YkDevice)
2018-11-22 17:08:14.121  INFO 8748 --- [restartedMain] s.w.s.m.m.a.RequestMappingHandlerMapping : Mapped "{[/ykDevice/update]}" onto public java.lang.Object cn.stylefeng.guns.modular.deviceinfo.controller.YkDeviceController.update(cn.stylefeng.guns.modular.deviceinfo.model.YkDevice)
2018-11-22 17:08:14.121  INFO 8748 --- [restartedMain] s.w.s.m.m.a.RequestMappingHandlerMapping : Mapped "{[/ykDevice/delete]}" onto public java.lang.Object cn.stylefeng.guns.modular.deviceinfo.controller.YkDeviceController.delete(java.lang.Integer)
2018-11-22 17:08:14.122  INFO 8748 --- [restartedMain] s.w.s.m.m.a.RequestMappingHandlerMapping : Mapped "{[/ykDevice/list]}" onto public java.lang.Object cn.stylefeng.guns.modular.deviceinfo.controller.YkDeviceController.list(java.lang.String)
2018-11-22 17:08:14.122  INFO 8748 --- [restartedMain] s.w.s.m.m.a.RequestMappingHandlerMapping : Mapped "{[/ykDevice/detail/{ykDeviceId}]}" onto public java.lang.Object cn.stylefeng.guns.modular.deviceinfo.controller.YkDeviceController.detail(java.lang.Integer)
2018-11-22 17:08:14.122  INFO 8748 --- [restartedMain] s.w.s.m.m.a.RequestMappingHandlerMapping : Mapped "{[/ykDevice/ykDevice_add]}" onto public java.lang.String cn.stylefeng.guns.modular.deviceinfo.controller.YkDeviceController.ykDeviceAdd()
2018-11-22 17:08:14.122  INFO 8748 --- [restartedMain] s.w.s.m.m.a.RequestMappingHandlerMapping : Mapped "{[/ykDevice/ykDevice_update/{ykDeviceId}]}" onto public java.lang.String cn.stylefeng.guns.modular.deviceinfo.controller.YkDeviceController.ykDeviceUpdate(java.lang.Integer,org.springframework.ui.Model)
2018-11-22 17:08:14.125  INFO 8748 --- [restartedMain] s.w.s.m.m.a.RequestMappingHandlerMapping : Mapped "{[/ykPhone]}" onto public java.lang.String cn.stylefeng.guns.modular.deviceinfo.controller.YkPhoneController.index(org.springframework.ui.Model)
2018-11-22 17:08:14.125  INFO 8748 --- [restartedMain] s.w.s.m.m.a.RequestMappingHandlerMapping : Mapped "{[/ykPhone/add]}" onto public java.lang.Object cn.stylefeng.guns.modular.deviceinfo.controller.YkPhoneController.add(cn.stylefeng.guns.modular.deviceinfo.model.YkPhone)
2018-11-22 17:08:14.125  INFO 8748 --- [restartedMain] s.w.s.m.m.a.RequestMappingHandlerMapping : Mapped "{[/ykPhone/update]}" onto public java.lang.Object cn.stylefeng.guns.modular.deviceinfo.controller.YkPhoneController.update(cn.stylefeng.guns.modular.deviceinfo.model.YkPhone)
2018-11-22 17:08:14.125  INFO 8748 --- [restartedMain] s.w.s.m.m.a.RequestMappingHandlerMapping : Mapped "{[/ykPhone/delete]}" onto public java.lang.Object cn.stylefeng.guns.modular.deviceinfo.controller.YkPhoneController.delete(java.lang.Long)
2018-11-22 17:08:14.126  INFO 8748 --- [restartedMain] s.w.s.m.m.a.RequestMappingHandlerMapping : Mapped "{[/ykPhone/list]}" onto public java.lang.Object cn.stylefeng.guns.modular.deviceinfo.controller.YkPhoneController.list(java.lang.Long,java.lang.Integer,java.lang.Integer,java.lang.Integer)
2018-11-22 17:08:14.127  INFO 8748 --- [restartedMain] s.w.s.m.m.a.RequestMappingHandlerMapping : Mapped "{[/ykPhone/detail/{ykPhoneId}]}" onto public java.lang.Object cn.stylefeng.guns.modular.deviceinfo.controller.YkPhoneController.detail(java.lang.Integer)
2018-11-22 17:08:14.127  INFO 8748 --- [restartedMain] s.w.s.m.m.a.RequestMappingHandlerMapping : Mapped "{[/ykPhone/ykPhone_add]}" onto public java.lang.String cn.stylefeng.guns.modular.deviceinfo.controller.YkPhoneController.ykPhoneAdd(org.springframework.ui.Model)
2018-11-22 17:08:14.128  INFO 8748 --- [restartedMain] s.w.s.m.m.a.RequestMappingHandlerMapping : Mapped "{[/ykPhone/ykPhone_update/{ykPhoneId}]}" onto public java.lang.String cn.stylefeng.guns.modular.deviceinfo.controller.YkPhoneController.ykPhoneUpdate(java.lang.Integer,org.springframework.ui.Model)
2018-11-22 17:08:14.129  INFO 8748 --- [restartedMain] s.w.s.m.m.a.RequestMappingHandlerMapping : Mapped "{[/ykPhoneGroup]}" onto public java.lang.String cn.stylefeng.guns.modular.deviceinfo.controller.YkPhoneGroupController.index(org.springframework.ui.Model)
2018-11-22 17:08:14.129  INFO 8748 --- [restartedMain] s.w.s.m.m.a.RequestMappingHandlerMapping : Mapped "{[/ykPhoneGroup/add]}" onto public java.lang.Object cn.stylefeng.guns.modular.deviceinfo.controller.YkPhoneGroupController.add(cn.stylefeng.guns.modular.deviceinfo.model.YkPhoneGroup)
2018-11-22 17:08:14.129  INFO 8748 --- [restartedMain] s.w.s.m.m.a.RequestMappingHandlerMapping : Mapped "{[/ykPhoneGroup/update]}" onto public java.lang.Object cn.stylefeng.guns.modular.deviceinfo.controller.YkPhoneGroupController.update(cn.stylefeng.guns.modular.deviceinfo.model.YkPhoneGroup)
2018-11-22 17:08:14.129  INFO 8748 --- [restartedMain] s.w.s.m.m.a.RequestMappingHandlerMapping : Mapped "{[/ykPhoneGroup/delete]}" onto public java.lang.Object cn.stylefeng.guns.modular.deviceinfo.controller.YkPhoneGroupController.delete(java.lang.Integer)
2018-11-22 17:08:14.130  INFO 8748 --- [restartedMain] s.w.s.m.m.a.RequestMappingHandlerMapping : Mapped "{[/ykPhoneGroup/list]}" onto public java.lang.Object cn.stylefeng.guns.modular.deviceinfo.controller.YkPhoneGroupController.list(java.lang.String,java.lang.Integer)
2018-11-22 17:08:14.130  INFO 8748 --- [restartedMain] s.w.s.m.m.a.RequestMappingHandlerMapping : Mapped "{[/ykPhoneGroup/detail/{ykPhoneGroupId}]}" onto public java.lang.Object cn.stylefeng.guns.modular.deviceinfo.controller.YkPhoneGroupController.detail(java.lang.Integer)
2018-11-22 17:08:14.130  INFO 8748 --- [restartedMain] s.w.s.m.m.a.RequestMappingHandlerMapping : Mapped "{[/ykPhoneGroup/ykPhoneGroup_add]}" onto public java.lang.String cn.stylefeng.guns.modular.deviceinfo.controller.YkPhoneGroupController.ykPhoneGroupAdd(org.springframework.ui.Model)
2018-11-22 17:08:14.130  INFO 8748 --- [restartedMain] s.w.s.m.m.a.RequestMappingHandlerMapping : Mapped "{[/ykPhoneGroup/ykPhoneGroup_update/{ykPhoneGroupId}]}" onto public java.lang.String cn.stylefeng.guns.modular.deviceinfo.controller.YkPhoneGroupController.ykPhoneGroupUpdate(java.lang.Integer,org.springframework.ui.Model)
2018-11-22 17:08:14.131  INFO 8748 --- [restartedMain] s.w.s.m.m.a.RequestMappingHandlerMapping : Mapped "{[/ykSim]}" onto public java.lang.String cn.stylefeng.guns.modular.deviceinfo.controller.YkSimController.index()
2018-11-22 17:08:14.131  INFO 8748 --- [restartedMain] s.w.s.m.m.a.RequestMappingHandlerMapping : Mapped "{[/ykSim/add]}" onto public java.lang.Object cn.stylefeng.guns.modular.deviceinfo.controller.YkSimController.add(cn.stylefeng.guns.modular.deviceinfo.model.YkSim)
2018-11-22 17:08:14.131  INFO 8748 --- [restartedMain] s.w.s.m.m.a.RequestMappingHandlerMapping : Mapped "{[/ykSim/update]}" onto public java.lang.Object cn.stylefeng.guns.modular.deviceinfo.controller.YkSimController.update(cn.stylefeng.guns.modular.deviceinfo.model.YkSim)
2018-11-22 17:08:14.131  INFO 8748 --- [restartedMain] s.w.s.m.m.a.RequestMappingHandlerMapping : Mapped "{[/ykSim/delete]}" onto public java.lang.Object cn.stylefeng.guns.modular.deviceinfo.controller.YkSimController.delete(java.lang.Integer)
2018-11-22 17:08:14.131  INFO 8748 --- [restartedMain] s.w.s.m.m.a.RequestMappingHandlerMapping : Mapped "{[/ykSim/list]}" onto public java.lang.Object cn.stylefeng.guns.modular.deviceinfo.controller.YkSimController.list(java.lang.Integer,java.lang.String,java.lang.Integer)
2018-11-22 17:08:14.131  INFO 8748 --- [restartedMain] s.w.s.m.m.a.RequestMappingHandlerMapping : Mapped "{[/ykSim/detail/{ykSimId}]}" onto public java.lang.Object cn.stylefeng.guns.modular.deviceinfo.controller.YkSimController.detail(java.lang.Integer)
2018-11-22 17:08:14.132  INFO 8748 --- [restartedMain] s.w.s.m.m.a.RequestMappingHandlerMapping : Mapped "{[/ykSim/ykSim_update/{ykSimId}]}" onto public java.lang.String cn.stylefeng.guns.modular.deviceinfo.controller.YkSimController.ykSimUpdate(java.lang.Integer,org.springframework.ui.Model)
2018-11-22 17:08:14.132  INFO 8748 --- [restartedMain] s.w.s.m.m.a.RequestMappingHandlerMapping : Mapped "{[/ykSim/ykSim_add]}" onto public java.lang.String cn.stylefeng.guns.modular.deviceinfo.controller.YkSimController.ykSimAdd()
2018-11-22 17:08:14.132  INFO 8748 --- [restartedMain] s.w.s.m.m.a.RequestMappingHandlerMapping : Mapped "{[/ykPhoneNumber]}" onto public java.lang.String cn.stylefeng.guns.modular.settlement.controller.YkPhoneNumberController.index()
2018-11-22 17:08:14.133  INFO 8748 --- [restartedMain] s.w.s.m.m.a.RequestMappingHandlerMapping : Mapped "{[/ykPhoneNumber/add]}" onto public java.lang.Object cn.stylefeng.guns.modular.settlement.controller.YkPhoneNumberController.add(cn.stylefeng.guns.modular.settlement.model.YkPhoneNumber)
2018-11-22 17:08:14.133  INFO 8748 --- [restartedMain] s.w.s.m.m.a.RequestMappingHandlerMapping : Mapped "{[/ykPhoneNumber/update]}" onto public java.lang.Object cn.stylefeng.guns.modular.settlement.controller.YkPhoneNumberController.update(cn.stylefeng.guns.modular.settlement.model.YkPhoneNumber)
2018-11-22 17:08:14.133  INFO 8748 --- [restartedMain] s.w.s.m.m.a.RequestMappingHandlerMapping : Mapped "{[/ykPhoneNumber/delete]}" onto public java.lang.Object cn.stylefeng.guns.modular.settlement.controller.YkPhoneNumberController.delete(java.lang.Integer)
2018-11-22 17:08:14.133  INFO 8748 --- [restartedMain] s.w.s.m.m.a.RequestMappingHandlerMapping : Mapped "{[/ykPhoneNumber/list]}" onto public java.lang.Object cn.stylefeng.guns.modular.settlement.controller.YkPhoneNumberController.list(java.lang.String)
2018-11-22 17:08:14.133  INFO 8748 --- [restartedMain] s.w.s.m.m.a.RequestMappingHandlerMapping : Mapped "{[/ykPhoneNumber/detail/{ykPhoneNumberId}]}" onto public java.lang.Object cn.stylefeng.guns.modular.settlement.controller.YkPhoneNumberController.detail(java.lang.Integer)
2018-11-22 17:08:14.133  INFO 8748 --- [restartedMain] s.w.s.m.m.a.RequestMappingHandlerMapping : Mapped "{[/ykPhoneNumber/ykPhoneNumber_add]}" onto public java.lang.String cn.stylefeng.guns.modular.settlement.controller.YkPhoneNumberController.ykPhoneNumberAdd()
2018-11-22 17:08:14.133  INFO 8748 --- [restartedMain] s.w.s.m.m.a.RequestMappingHandlerMapping : Mapped "{[/ykPhoneNumber/ykPhoneNumber_update/{ykPhoneNumberId}]}" onto public java.lang.String cn.stylefeng.guns.modular.settlement.controller.YkPhoneNumberController.ykPhoneNumberUpdate(java.lang.Integer,org.springframework.ui.Model)
2018-11-22 17:08:14.134  INFO 8748 --- [restartedMain] s.w.s.m.m.a.RequestMappingHandlerMapping : Mapped "{[/blackboard]}" onto public java.lang.String cn.stylefeng.guns.modular.system.controller.BlackboardController.blackboard(org.springframework.ui.Model)
2018-11-22 17:08:14.135  INFO 8748 --- [restartedMain] s.w.s.m.m.a.RequestMappingHandlerMapping : Mapped "{[/dept]}" onto public java.lang.String cn.stylefeng.guns.modular.system.controller.DeptController.index()
2018-11-22 17:08:14.135  INFO 8748 --- [restartedMain] s.w.s.m.m.a.RequestMappingHandlerMapping : Mapped "{[/dept/add]}" onto public java.lang.Object cn.stylefeng.guns.modular.system.controller.DeptController.add(cn.stylefeng.guns.modular.system.model.Dept)
2018-11-22 17:08:14.135  INFO 8748 --- [restartedMain] s.w.s.m.m.a.RequestMappingHandlerMapping : Mapped "{[/dept/update]}" onto public java.lang.Object cn.stylefeng.guns.modular.system.controller.DeptController.update(cn.stylefeng.guns.modular.system.model.Dept)
2018-11-22 17:08:14.135  INFO 8748 --- [restartedMain] s.w.s.m.m.a.RequestMappingHandlerMapping : Mapped "{[/dept/delete]}" onto public java.lang.Object cn.stylefeng.guns.modular.system.controller.DeptController.delete(java.lang.Integer)
2018-11-22 17:08:14.135  INFO 8748 --- [restartedMain] s.w.s.m.m.a.RequestMappingHandlerMapping : Mapped "{[/dept/list]}" onto public java.lang.Object cn.stylefeng.guns.modular.system.controller.DeptController.list(java.lang.String)
2018-11-22 17:08:14.135  INFO 8748 --- [restartedMain] s.w.s.m.m.a.RequestMappingHandlerMapping : Mapped "{[/dept/tree]}" onto public java.util.List<cn.stylefeng.guns.core.common.node.ZTreeNode> cn.stylefeng.guns.modular.system.controller.DeptController.tree()
2018-11-22 17:08:14.135  INFO 8748 --- [restartedMain] s.w.s.m.m.a.RequestMappingHandlerMapping : Mapped "{[/dept/detail/{deptId}]}" onto public java.lang.Object cn.stylefeng.guns.modular.system.controller.DeptController.detail(java.lang.Integer)
2018-11-22 17:08:14.135  INFO 8748 --- [restartedMain] s.w.s.m.m.a.RequestMappingHandlerMapping : Mapped "{[/dept/dept_add]}" onto public java.lang.String cn.stylefeng.guns.modular.system.controller.DeptController.deptAdd()
2018-11-22 17:08:14.136  INFO 8748 --- [restartedMain] s.w.s.m.m.a.RequestMappingHandlerMapping : Mapped "{[/dept/dept_update/{deptId}]}" onto public java.lang.String cn.stylefeng.guns.modular.system.controller.DeptController.deptUpdate(java.lang.Integer,org.springframework.ui.Model)
2018-11-22 17:08:14.136  INFO 8748 --- [restartedMain] s.w.s.m.m.a.RequestMappingHandlerMapping : Mapped "{[/dict]}" onto public java.lang.String cn.stylefeng.guns.modular.system.controller.DictController.index()
2018-11-22 17:08:14.136  INFO 8748 --- [restartedMain] s.w.s.m.m.a.RequestMappingHandlerMapping : Mapped "{[/dict/add]}" onto public java.lang.Object cn.stylefeng.guns.modular.system.controller.DictController.add(java.lang.String,java.lang.String,java.lang.String,java.lang.String)
2018-11-22 17:08:14.137  INFO 8748 --- [restartedMain] s.w.s.m.m.a.RequestMappingHandlerMapping : Mapped "{[/dict/update]}" onto public java.lang.Object cn.stylefeng.guns.modular.system.controller.DictController.update(java.lang.Integer,java.lang.String,java.lang.String,java.lang.String,java.lang.String)
2018-11-22 17:08:14.137  INFO 8748 --- [restartedMain] s.w.s.m.m.a.RequestMappingHandlerMapping : Mapped "{[/dict/delete]}" onto public java.lang.Object cn.stylefeng.guns.modular.system.controller.DictController.delete(java.lang.Integer)
2018-11-22 17:08:14.140  INFO 8748 --- [restartedMain] s.w.s.m.m.a.RequestMappingHandlerMapping : Mapped "{[/dict/list]}" onto public java.lang.Object cn.stylefeng.guns.modular.system.controller.DictController.list(java.lang.String)
2018-11-22 17:08:14.140  INFO 8748 --- [restartedMain] s.w.s.m.m.a.RequestMappingHandlerMapping : Mapped "{[/dict/detail/{dictId}]}" onto public java.lang.Object cn.stylefeng.guns.modular.system.controller.DictController.detail(java.lang.Integer)
2018-11-22 17:08:14.140  INFO 8748 --- [restartedMain] s.w.s.m.m.a.RequestMappingHandlerMapping : Mapped "{[/dict/dict_add]}" onto public java.lang.String cn.stylefeng.guns.modular.system.controller.DictController.deptAdd()
2018-11-22 17:08:14.140  INFO 8748 --- [restartedMain] s.w.s.m.m.a.RequestMappingHandlerMapping : Mapped "{[/dict/dict_edit/{dictId}]}" onto public java.lang.String cn.stylefeng.guns.modular.system.controller.DictController.deptUpdate(java.lang.Integer,org.springframework.ui.Model)
2018-11-22 17:08:14.141  INFO 8748 --- [restartedMain] s.w.s.m.m.a.RequestMappingHandlerMapping : Mapped "{[/kaptcha]}" onto public void cn.stylefeng.guns.modular.system.controller.KaptchaController.index(javax.servlet.http.HttpServletRequest,javax.servlet.http.HttpServletResponse)
2018-11-22 17:08:14.141  INFO 8748 --- [restartedMain] s.w.s.m.m.a.RequestMappingHandlerMapping : Mapped "{[/kaptcha/{pictureId}]}" onto public void cn.stylefeng.guns.modular.system.controller.KaptchaController.renderPicture(java.lang.String,javax.servlet.http.HttpServletResponse)
2018-11-22 17:08:14.142  INFO 8748 --- [restartedMain] s.w.s.m.m.a.RequestMappingHandlerMapping : Mapped "{[/log]}" onto public java.lang.String cn.stylefeng.guns.modular.system.controller.LogController.index()
2018-11-22 17:08:14.142  INFO 8748 --- [restartedMain] s.w.s.m.m.a.RequestMappingHandlerMapping : Mapped "{[/log/list]}" onto public java.lang.Object cn.stylefeng.guns.modular.system.controller.LogController.list(java.lang.String,java.lang.String,java.lang.String,java.lang.Integer)
2018-11-22 17:08:14.142  INFO 8748 --- [restartedMain] s.w.s.m.m.a.RequestMappingHandlerMapping : Mapped "{[/log/detail/{id}]}" onto public java.lang.Object cn.stylefeng.guns.modular.system.controller.LogController.detail(java.lang.Integer)
2018-11-22 17:08:14.142  INFO 8748 --- [restartedMain] s.w.s.m.m.a.RequestMappingHandlerMapping : Mapped "{[/log/delLog]}" onto public java.lang.Object cn.stylefeng.guns.modular.system.controller.LogController.delLog()
2018-11-22 17:08:14.143  INFO 8748 --- [restartedMain] s.w.s.m.m.a.RequestMappingHandlerMapping : Mapped "{[/],methods=[GET]}" onto public java.lang.String cn.stylefeng.guns.modular.system.controller.LoginController.index(org.springframework.ui.Model)
2018-11-22 17:08:14.143  INFO 8748 --- [restartedMain] s.w.s.m.m.a.RequestMappingHandlerMapping : Mapped "{[/logout],methods=[GET]}" onto public java.lang.String cn.stylefeng.guns.modular.system.controller.LoginController.logOut()
2018-11-22 17:08:14.143  INFO 8748 --- [restartedMain] s.w.s.m.m.a.RequestMappingHandlerMapping : Mapped "{[/login],methods=[GET]}" onto public java.lang.String cn.stylefeng.guns.modular.system.controller.LoginController.login()
2018-11-22 17:08:14.143  INFO 8748 --- [restartedMain] s.w.s.m.m.a.RequestMappingHandlerMapping : Mapped "{[/login],methods=[POST]}" onto public java.lang.String cn.stylefeng.guns.modular.system.controller.LoginController.loginVali()
2018-11-22 17:08:14.144  INFO 8748 --- [restartedMain] s.w.s.m.m.a.RequestMappingHandlerMapping : Mapped "{[/loginLog]}" onto public java.lang.String cn.stylefeng.guns.modular.system.controller.LoginLogController.index()
2018-11-22 17:08:14.144  INFO 8748 --- [restartedMain] s.w.s.m.m.a.RequestMappingHandlerMapping : Mapped "{[/loginLog/list]}" onto public java.lang.Object cn.stylefeng.guns.modular.system.controller.LoginLogController.list(java.lang.String,java.lang.String,java.lang.String)
2018-11-22 17:08:14.144  INFO 8748 --- [restartedMain] s.w.s.m.m.a.RequestMappingHandlerMapping : Mapped "{[/loginLog/delLoginLog]}" onto public java.lang.Object cn.stylefeng.guns.modular.system.controller.LoginLogController.delLog()
2018-11-22 17:08:14.145  INFO 8748 --- [restartedMain] s.w.s.m.m.a.RequestMappingHandlerMapping : Mapped "{[/menu]}" onto public java.lang.String cn.stylefeng.guns.modular.system.controller.MenuController.index()
2018-11-22 17:08:14.145  INFO 8748 --- [restartedMain] s.w.s.m.m.a.RequestMappingHandlerMapping : Mapped "{[/menu/add]}" onto public cn.stylefeng.roses.core.reqres.response.ResponseData cn.stylefeng.guns.modular.system.controller.MenuController.add(cn.stylefeng.guns.modular.system.model.Menu,org.springframework.validation.BindingResult)
2018-11-22 17:08:14.145  INFO 8748 --- [restartedMain] s.w.s.m.m.a.RequestMappingHandlerMapping : Mapped "{[/menu/remove]}" onto public cn.stylefeng.roses.core.reqres.response.ResponseData cn.stylefeng.guns.modular.system.controller.MenuController.remove(java.lang.Long)
2018-11-22 17:08:14.146  INFO 8748 --- [restartedMain] s.w.s.m.m.a.RequestMappingHandlerMapping : Mapped "{[/menu/list]}" onto public java.lang.Object cn.stylefeng.guns.modular.system.controller.MenuController.list(java.lang.String,java.lang.String)
2018-11-22 17:08:14.146  INFO 8748 --- [restartedMain] s.w.s.m.m.a.RequestMappingHandlerMapping : Mapped "{[/menu/view/{menuId}]}" onto public cn.stylefeng.roses.core.reqres.response.ResponseData cn.stylefeng.guns.modular.system.controller.MenuController.view(java.lang.Long)
2018-11-22 17:08:14.146  INFO 8748 --- [restartedMain] s.w.s.m.m.a.RequestMappingHandlerMapping : Mapped "{[/menu/edit]}" onto public cn.stylefeng.roses.core.reqres.response.ResponseData cn.stylefeng.guns.modular.system.controller.MenuController.edit(cn.stylefeng.guns.modular.system.model.Menu,org.springframework.validation.BindingResult)
2018-11-22 17:08:14.146  INFO 8748 --- [restartedMain] s.w.s.m.m.a.RequestMappingHandlerMapping : Mapped "{[/menu/menu_add]}" onto public java.lang.String cn.stylefeng.guns.modular.system.controller.MenuController.menuAdd()
2018-11-22 17:08:14.146  INFO 8748 --- [restartedMain] s.w.s.m.m.a.RequestMappingHandlerMapping : Mapped "{[/menu/menu_edit/{menuId}]}" onto public java.lang.String cn.stylefeng.guns.modular.system.controller.MenuController.menuEdit(java.lang.Long,org.springframework.ui.Model)
2018-11-22 17:08:14.146  INFO 8748 --- [restartedMain] s.w.s.m.m.a.RequestMappingHandlerMapping : Mapped "{[/menu/menuTreeList]}" onto public java.util.List<cn.stylefeng.guns.core.common.node.ZTreeNode> cn.stylefeng.guns.modular.system.controller.MenuController.menuTreeList()
2018-11-22 17:08:14.146  INFO 8748 --- [restartedMain] s.w.s.m.m.a.RequestMappingHandlerMapping : Mapped "{[/menu/selectMenuTreeList]}" onto public java.util.List<cn.stylefeng.guns.core.common.node.ZTreeNode> cn.stylefeng.guns.modular.system.controller.MenuController.selectMenuTreeList()
2018-11-22 17:08:14.147  INFO 8748 --- [restartedMain] s.w.s.m.m.a.RequestMappingHandlerMapping : Mapped "{[/menu/menuTreeListByRoleId/{roleId}]}" onto public java.util.List<cn.stylefeng.guns.core.common.node.ZTreeNode> cn.stylefeng.guns.modular.system.controller.MenuController.menuTreeListByRoleId(java.lang.Integer)
2018-11-22 17:08:14.147  INFO 8748 --- [restartedMain] s.w.s.m.m.a.RequestMappingHandlerMapping : Mapped "{[/notice]}" onto public java.lang.String cn.stylefeng.guns.modular.system.controller.NoticeController.index()
2018-11-22 17:08:14.148  INFO 8748 --- [restartedMain] s.w.s.m.m.a.RequestMappingHandlerMapping : Mapped "{[/notice/add]}" onto public java.lang.Object cn.stylefeng.guns.modular.system.controller.NoticeController.add(cn.stylefeng.guns.modular.system.model.Notice)
2018-11-22 17:08:14.148  INFO 8748 --- [restartedMain] s.w.s.m.m.a.RequestMappingHandlerMapping : Mapped "{[/notice/update]}" onto public java.lang.Object cn.stylefeng.guns.modular.system.controller.NoticeController.update(cn.stylefeng.guns.modular.system.model.Notice)
2018-11-22 17:08:14.148  INFO 8748 --- [restartedMain] s.w.s.m.m.a.RequestMappingHandlerMapping : Mapped "{[/notice/delete]}" onto public java.lang.Object cn.stylefeng.guns.modular.system.controller.NoticeController.delete(java.lang.Integer)
2018-11-22 17:08:14.148  INFO 8748 --- [restartedMain] s.w.s.m.m.a.RequestMappingHandlerMapping : Mapped "{[/notice/list]}" onto public java.lang.Object cn.stylefeng.guns.modular.system.controller.NoticeController.list(java.lang.String)
2018-11-22 17:08:14.148  INFO 8748 --- [restartedMain] s.w.s.m.m.a.RequestMappingHandlerMapping : Mapped "{[/notice/notice_update/{noticeId}]}" onto public java.lang.String cn.stylefeng.guns.modular.system.controller.NoticeController.noticeUpdate(java.lang.Integer,org.springframework.ui.Model)
2018-11-22 17:08:14.148  INFO 8748 --- [restartedMain] s.w.s.m.m.a.RequestMappingHandlerMapping : Mapped "{[/notice/notice_add]}" onto public java.lang.String cn.stylefeng.guns.modular.system.controller.NoticeController.noticeAdd()
2018-11-22 17:08:14.148  INFO 8748 --- [restartedMain] s.w.s.m.m.a.RequestMappingHandlerMapping : Mapped "{[/notice/hello]}" onto public java.lang.String cn.stylefeng.guns.modular.system.controller.NoticeController.hello()
2018-11-22 17:08:14.149  INFO 8748 --- [restartedMain] s.w.s.m.m.a.RequestMappingHandlerMapping : Mapped "{[/role]}" onto public java.lang.String cn.stylefeng.guns.modular.system.controller.RoleController.index()
2018-11-22 17:08:14.149  INFO 8748 --- [restartedMain] s.w.s.m.m.a.RequestMappingHandlerMapping : Mapped "{[/role/add]}" onto public cn.stylefeng.roses.core.reqres.response.ResponseData cn.stylefeng.guns.modular.system.controller.RoleController.add(cn.stylefeng.guns.modular.system.model.Role,org.springframework.validation.BindingResult)
2018-11-22 17:08:14.150  INFO 8748 --- [restartedMain] s.w.s.m.m.a.RequestMappingHandlerMapping : Mapped "{[/role/remove]}" onto public cn.stylefeng.roses.core.reqres.response.ResponseData cn.stylefeng.guns.modular.system.controller.RoleController.remove(java.lang.Integer)
2018-11-22 17:08:14.150  INFO 8748 --- [restartedMain] s.w.s.m.m.a.RequestMappingHandlerMapping : Mapped "{[/role/list]}" onto public java.lang.Object cn.stylefeng.guns.modular.system.controller.RoleController.list(java.lang.String)
2018-11-22 17:08:14.150  INFO 8748 --- [restartedMain] s.w.s.m.m.a.RequestMappingHandlerMapping : Mapped "{[/role/view/{roleId}]}" onto public cn.stylefeng.roses.core.reqres.response.ResponseData cn.stylefeng.guns.modular.system.controller.RoleController.view(java.lang.Integer)
2018-11-22 17:08:14.150  INFO 8748 --- [restartedMain] s.w.s.m.m.a.RequestMappingHandlerMapping : Mapped "{[/role/edit]}" onto public cn.stylefeng.roses.core.reqres.response.ResponseData cn.stylefeng.guns.modular.system.controller.RoleController.edit(cn.stylefeng.guns.modular.system.model.Role,org.springframework.validation.BindingResult)
2018-11-22 17:08:14.150  INFO 8748 --- [restartedMain] s.w.s.m.m.a.RequestMappingHandlerMapping : Mapped "{[/role/roleTreeList]}" onto public java.util.List<cn.stylefeng.guns.core.common.node.ZTreeNode> cn.stylefeng.guns.modular.system.controller.RoleController.roleTreeList()
2018-11-22 17:08:14.150  INFO 8748 --- [restartedMain] s.w.s.m.m.a.RequestMappingHandlerMapping : Mapped "{[/role/role_add]}" onto public java.lang.String cn.stylefeng.guns.modular.system.controller.RoleController.roleAdd()
2018-11-22 17:08:14.150  INFO 8748 --- [restartedMain] s.w.s.m.m.a.RequestMappingHandlerMapping : Mapped "{[/role/role_edit/{roleId}]}" onto public java.lang.String cn.stylefeng.guns.modular.system.controller.RoleController.roleEdit(java.lang.Integer,org.springframework.ui.Model)
2018-11-22 17:08:14.150  INFO 8748 --- [restartedMain] s.w.s.m.m.a.RequestMappingHandlerMapping : Mapped "{[/role/role_assign/{roleId}]}" onto public java.lang.String cn.stylefeng.guns.modular.system.controller.RoleController.roleAssign(java.lang.Integer,org.springframework.ui.Model)
2018-11-22 17:08:14.151  INFO 8748 --- [restartedMain] s.w.s.m.m.a.RequestMappingHandlerMapping : Mapped "{[/role/setAuthority]}" onto public cn.stylefeng.roses.core.reqres.response.ResponseData cn.stylefeng.guns.modular.system.controller.RoleController.setAuthority(java.lang.Integer,java.lang.String)
2018-11-22 17:08:14.151  INFO 8748 --- [restartedMain] s.w.s.m.m.a.RequestMappingHandlerMapping : Mapped "{[/role/roleTreeListByUserId/{userId}]}" onto public java.util.List<cn.stylefeng.guns.core.common.node.ZTreeNode> cn.stylefeng.guns.modular.system.controller.RoleController.roleTreeListByUserId(java.lang.Integer)
2018-11-22 17:08:14.152  INFO 8748 --- [restartedMain] s.w.s.m.m.a.RequestMappingHandlerMapping : Mapped "{[/mgr]}" onto public java.lang.String cn.stylefeng.guns.modular.system.controller.UserMgrController.index()
2018-11-22 17:08:14.152  INFO 8748 --- [restartedMain] s.w.s.m.m.a.RequestMappingHandlerMapping : Mapped "{[/mgr/add]}" onto public cn.stylefeng.roses.core.reqres.response.ResponseData cn.stylefeng.guns.modular.system.controller.UserMgrController.add(cn.stylefeng.guns.modular.system.transfer.UserDto,org.springframework.validation.BindingResult)
2018-11-22 17:08:14.152  INFO 8748 --- [restartedMain] s.w.s.m.m.a.RequestMappingHandlerMapping : Mapped "{[/mgr/delete]}" onto public cn.stylefeng.roses.core.reqres.response.ResponseData cn.stylefeng.guns.modular.system.controller.UserMgrController.delete(java.lang.Integer)
2018-11-22 17:08:14.152  INFO 8748 --- [restartedMain] s.w.s.m.m.a.RequestMappingHandlerMapping : Mapped "{[/mgr/list]}" onto public java.lang.Object cn.stylefeng.guns.modular.system.controller.UserMgrController.list(java.lang.String,java.lang.String,java.lang.String,java.lang.Integer)
2018-11-22 17:08:14.152  INFO 8748 --- [restartedMain] s.w.s.m.m.a.RequestMappingHandlerMapping : Mapped "{[/mgr/reset]}" onto public cn.stylefeng.roses.core.reqres.response.ResponseData cn.stylefeng.guns.modular.system.controller.UserMgrController.reset(java.lang.Integer)
2018-11-22 17:08:14.153  INFO 8748 --- [restartedMain] s.w.s.m.m.a.RequestMappingHandlerMapping : Mapped "{[/mgr/user_info]}" onto public java.lang.String cn.stylefeng.guns.modular.system.controller.UserMgrController.userInfo(org.springframework.ui.Model)
2018-11-22 17:08:14.153  INFO 8748 --- [restartedMain] s.w.s.m.m.a.RequestMappingHandlerMapping : Mapped "{[/mgr/freeze]}" onto public cn.stylefeng.roses.core.reqres.response.ResponseData cn.stylefeng.guns.modular.system.controller.UserMgrController.freeze(java.lang.Integer)
2018-11-22 17:08:14.153  INFO 8748 --- [restartedMain] s.w.s.m.m.a.RequestMappingHandlerMapping : Mapped "{[/mgr/setRole]}" onto public cn.stylefeng.roses.core.reqres.response.ResponseData cn.stylefeng.guns.modular.system.controller.UserMgrController.setRole(java.lang.Integer,java.lang.String)
2018-11-22 17:08:14.153  INFO 8748 --- [restartedMain] s.w.s.m.m.a.RequestMappingHandlerMapping : Mapped "{[/mgr/view/{userId}]}" onto public cn.stylefeng.guns.modular.system.model.User cn.stylefeng.guns.modular.system.controller.UserMgrController.view(java.lang.Integer)
2018-11-22 17:08:14.153  INFO 8748 --- [restartedMain] s.w.s.m.m.a.RequestMappingHandlerMapping : Mapped "{[/mgr/edit]}" onto public cn.stylefeng.roses.core.reqres.response.ResponseData cn.stylefeng.guns.modular.system.controller.UserMgrController.edit(cn.stylefeng.guns.modular.system.transfer.UserDto,org.springframework.validation.BindingResult) throws javax.naming.NoPermissionException
2018-11-22 17:08:14.153  INFO 8748 --- [restartedMain] s.w.s.m.m.a.RequestMappingHandlerMapping : Mapped "{[/mgr/role_assign/{userId}]}" onto public java.lang.String cn.stylefeng.guns.modular.system.controller.UserMgrController.roleAssign(java.lang.Integer,org.springframework.ui.Model)
2018-11-22 17:08:14.153  INFO 8748 --- [restartedMain] s.w.s.m.m.a.RequestMappingHandlerMapping : Mapped "{[/mgr/user_add]}" onto public java.lang.String cn.stylefeng.guns.modular.system.controller.UserMgrController.addView()
2018-11-22 17:08:14.153  INFO 8748 --- [restartedMain] s.w.s.m.m.a.RequestMappingHandlerMapping : Mapped "{[/mgr/user_chpwd]}" onto public java.lang.String cn.stylefeng.guns.modular.system.controller.UserMgrController.chPwd()
2018-11-22 17:08:14.153  INFO 8748 --- [restartedMain] s.w.s.m.m.a.RequestMappingHandlerMapping : Mapped "{[/mgr/user_edit/{userId}]}" onto public java.lang.String cn.stylefeng.guns.modular.system.controller.UserMgrController.userEdit(java.lang.Integer,org.springframework.ui.Model)
2018-11-22 17:08:14.154  INFO 8748 --- [restartedMain] s.w.s.m.m.a.RequestMappingHandlerMapping : Mapped "{[/mgr/changePwd]}" onto public java.lang.Object cn.stylefeng.guns.modular.system.controller.UserMgrController.changePwd(java.lang.String,java.lang.String,java.lang.String)
2018-11-22 17:08:14.154  INFO 8748 --- [restartedMain] s.w.s.m.m.a.RequestMappingHandlerMapping : Mapped "{[/mgr/unfreeze]}" onto public cn.stylefeng.roses.core.reqres.response.ResponseData cn.stylefeng.guns.modular.system.controller.UserMgrController.unfreeze(java.lang.Integer)
2018-11-22 17:08:14.154  INFO 8748 --- [restartedMain] s.w.s.m.m.a.RequestMappingHandlerMapping : Mapped "{[/mgr/upload],methods=[POST]}" onto public java.lang.String cn.stylefeng.guns.modular.system.controller.UserMgrController.upload(org.springframework.web.multipart.MultipartFile)
2018-11-22 17:08:14.154  INFO 8748 --- [restartedMain] s.w.s.m.m.a.RequestMappingHandlerMapping : Mapped "{[/code/generate],methods=[POST]}" onto public java.lang.Object cn.stylefeng.guns.generator.modular.controller.CodeController.generate(cn.stylefeng.guns.generator.executor.model.GenQo)
2018-11-22 17:08:14.155  INFO 8748 --- [restartedMain] s.w.s.m.m.a.RequestMappingHandlerMapping : Mapped "{[/code]}" onto public java.lang.String cn.stylefeng.guns.generator.modular.controller.CodeController.blackboard(org.springframework.ui.Model)
2018-11-22 17:08:14.157  INFO 8748 --- [restartedMain] s.w.s.m.m.a.RequestMappingHandlerMapping : Mapped "{[/swagger-resources/configuration/security]}" onto public org.springframework.http.ResponseEntity<springfox.documentation.swagger.web.SecurityConfiguration> springfox.documentation.swagger.web.ApiResourceController.securityConfiguration()
2018-11-22 17:08:14.158  INFO 8748 --- [restartedMain] s.w.s.m.m.a.RequestMappingHandlerMapping : Mapped "{[/swagger-resources/configuration/ui]}" onto public org.springframework.http.ResponseEntity<springfox.documentation.swagger.web.UiConfiguration> springfox.documentation.swagger.web.ApiResourceController.uiConfiguration()
2018-11-22 17:08:14.158  INFO 8748 --- [restartedMain] s.w.s.m.m.a.RequestMappingHandlerMapping : Mapped "{[/swagger-resources]}" onto public org.springframework.http.ResponseEntity<java.util.List<springfox.documentation.swagger.web.SwaggerResource>> springfox.documentation.swagger.web.ApiResourceController.swaggerResources()
2018-11-22 17:08:14.160  INFO 8748 --- [restartedMain] s.w.s.m.m.a.RequestMappingHandlerMapping : Mapped "{[/error]}" onto public org.springframework.http.ResponseEntity<java.util.Map<java.lang.String, java.lang.Object>> org.springframework.boot.autoconfigure.web.servlet.error.BasicErrorController.error(javax.servlet.http.HttpServletRequest)
2018-11-22 17:08:14.160  INFO 8748 --- [restartedMain] s.w.s.m.m.a.RequestMappingHandlerMapping : Mapped "{[/error],produces=[text/html]}" onto public org.springframework.web.servlet.ModelAndView org.springframework.boot.autoconfigure.web.servlet.error.BasicErrorController.errorHtml(javax.servlet.http.HttpServletRequest,javax.servlet.http.HttpServletResponse)
2018-11-22 17:08:14.411  INFO 8748 --- [restartedMain] pertySourcedRequestMappingHandlerMapping : Mapped URL path [/v2/api-docs] onto method [public org.springframework.http.ResponseEntity<springfox.documentation.spring.web.json.Json> springfox.documentation.swagger2.web.Swagger2Controller.getDocumentation(java.lang.String,javax.servlet.http.HttpServletRequest)]
2018-11-22 17:08:14.645  INFO 8748 --- [restartedMain] o.s.w.s.handler.SimpleUrlHandlerMapping  : Mapped URL path [/**/favicon.ico] onto handler of type [class org.springframework.web.servlet.resource.ResourceHttpRequestHandler]
2018-11-22 17:08:14.948  INFO 8748 --- [restartedMain] s.w.s.m.m.a.RequestMappingHandlerAdapter : Looking for @ControllerAdvice: org.springframework.boot.web.servlet.context.AnnotationConfigServletWebServerApplicationContext@3ddc3274: startup date [Thu Nov 22 17:08:07 CST 2018]; root of context hierarchy
2018-11-22 17:08:15.030  INFO 8748 --- [restartedMain] o.s.w.s.handler.SimpleUrlHandlerMapping  : Mapped URL path [/webjars/**] onto handler of type [class org.springframework.web.servlet.resource.ResourceHttpRequestHandler]
2018-11-22 17:08:15.030  INFO 8748 --- [restartedMain] o.s.w.s.handler.SimpleUrlHandlerMapping  : Mapped URL path [/static/**] onto handler of type [class org.springframework.web.servlet.resource.ResourceHttpRequestHandler]
2018-11-22 17:08:15.030  INFO 8748 --- [restartedMain] o.s.w.s.handler.SimpleUrlHandlerMapping  : Mapped URL path [/swagger-ui.html] onto handler of type [class org.springframework.web.servlet.resource.ResourceHttpRequestHandler]
2018-11-22 17:08:15.062  INFO 8748 --- [restartedMain] .m.m.a.ExceptionHandlerExceptionResolver : Detected @ExceptionHandler methods in globalExceptionHandler
2018-11-22 17:08:15.064  INFO 8748 --- [restartedMain] .m.m.a.ExceptionHandlerExceptionResolver : Detected @ExceptionHandler methods in defaultControllerExceptionHandler
2018-11-22 17:08:15.414  INFO 8748 --- [restartedMain] o.s.b.d.a.OptionalLiveReloadServer       : LiveReload server is running on port 35729
2018-11-22 17:08:15.450  INFO 8748 --- [restartedMain] o.s.j.e.a.AnnotationMBeanExporter        : Registering beans for JMX exposure on startup
2018-11-22 17:08:15.459  INFO 8748 --- [restartedMain] o.s.c.support.DefaultLifecycleProcessor  : Starting beans in phase 2147483647
2018-11-22 17:08:15.459  INFO 8748 --- [restartedMain] d.s.w.p.DocumentationPluginsBootstrapper : Context refreshed
2018-11-22 17:08:15.474  INFO 8748 --- [restartedMain] d.s.w.p.DocumentationPluginsBootstrapper : Found 1 custom documentation plugin(s)
2018-11-22 17:08:15.501  INFO 8748 --- [restartedMain] s.d.s.w.s.ApiListingReferenceScanner     : Scanning for api listing references
2018-11-22 17:08:15.522  INFO 8748 --- [restartedMain] s.a.ScheduledAnnotationBeanPostProcessor : No TaskScheduler/ScheduledExecutorService bean found for scheduled processing
2018-11-22 17:08:15.551  INFO 8748 --- [restartedMain] o.s.b.w.embedded.tomcat.TomcatWebServer  : Tomcat started on port(s): 8099 (http) with context path ''
2018-11-22 17:08:15.556  INFO 8748 --- [restartedMain] cn.stylefeng.guns.Canrom7Application     : Started Canrom7Application in 9.221 seconds (JVM running for 10.553)
